Wallet: 0xe693Ef449979E387C8B4B5071Af9e27a7742E18D
CLOB client initialized (EOA mode + Builder attribution)
node:events:497
      throw er; // Unhandled 'error' event
      ^

Error: listen EADDRINUSE: address already in use :::3002
    at Server.setupListenHandle [as _listen2] (node:net:1940:16)
    at listenInCluster (node:net:1997:12)
    at Server.listen (node:net:2102:7)
    at main (/data/workspace/polymarket-bot/executor/index.js:553:10)
    at process.processTicksAndRejections (node:internal/process/task_queues:105:5)
Emitted 'error' event on Server instance at:
    at emitErrorNT (node:net:1976:8)
    at process.processTicksAndRejections (node:internal/process/task_queues:90:21) {
  code: 'EADDRINUSE',
  errno: -98,
  syscall: 'listen',
  address: '::',
  port: 3002
}

Node.js v22.22.0
