╔══════════════════════════════════════════╗
║  Polymarket WS Feed + Circuit Breakers   ║
║  v3 — Integrated Scanners                ║
╚══════════════════════════════════════════╝

[2026-02-13T00:05:28.753Z] [INIT] Executor: http://localhost:3002
[2026-02-13T00:05:28.753Z] [INIT] Feed API: port 3003
[2026-02-13T00:05:28.753Z] [INIT] Starting capital: $433
[2026-02-13T00:05:28.753Z] [INIT] Stop-loss: 30% | Take-profit: 50%
[2026-02-13T00:05:28.754Z] [INIT] Daily drawdown limit: 15%
[2026-02-13T00:05:28.754Z] [INIT] Survival: <$108 | Emergency: <$43
[2026-02-13T00:05:28.754Z] [INIT] Auto-execute: true
[2026-02-13T00:05:28.754Z] [INIT] Arb scanner: every 15min | Resolving scanner: every 30min
[2026-02-13T00:05:28.754Z] [INIT] Telegram alerts: ENABLED
[2026-02-13T00:05:28.754Z] [INIT] PnL history: every 5min → /data/workspace/polymarket-bot/pnl-history.json

[2026-02-13T00:05:29.336Z] [SYNC] Loaded manual position from file: YES 92 @ 0.8
[2026-02-13T00:05:29.336Z] [SYNC] Loaded manual position from file: YES 50 @ 0.92
[2026-02-13T00:05:29.336Z] [SYNC] Loaded manual position from file: NO 50 @ 0.93
[2026-02-13T00:05:29.336Z] [SYNC] Loaded manual position from file: NO 15 @ 0.82
[2026-02-13T00:05:29.336Z] [SYNC] Tracking 9 positions (5 from executor)
[2026-02-13T00:05:29.336Z] [WS] Connecting to wss://ws-subscriptions-clob.polymarket.com/ws/market...
[2026-02-13T00:05:29.352Z] [DAILY] Next reset in 23.9h
[2026-02-13T00:05:29.356Z] [INIT] Feed API running on port 3003
[2026-02-13T00:05:29.684Z] [WS] Connected!
[2026-02-13T00:05:29.685Z] [WS] Subscribed to 9 assets
[2026-02-13T00:05:30.332Z] [RISK] ✅ EMERGENCY MODE CLEARED — balance: $55.44, auto-execute re-enabled
[2026-02-13T00:05:30.827Z] [RISK] ✅ SURVIVAL MODE CLEARED — balance: $114.05
